(0000) 3000  0011000000000000 (   1)                 .ORIG x3000
(3000) F023  1111000000100011 (   2)                 TRAP  x23
(3001) 5260  0101001001100000 (   3)                 AND   R1 R1 #0
(3002) 2215  0010001000010101 (   4)                 LD    R1 SO0
(3003) 1401  0001010000000001 (   5)                 ADD   R2 R0 R1
(3004) F023  1111000000100011 (   6)                 TRAP  x23
(3005) 1601  0001011000000001 (   7)                 ADD   R3 R0 R1
(3006) E015  1110000000010101 (  10)                 LEA   R0 SCREEN_OUT
(3007) F022  1111000000100010 (  11)                 TRAP  x22
(3008) 1083  0001000010000011 (  12)                 ADD   R0 R2 R3
(3009) 1C20  0001110000100000 (  13)                 ADD   R6 R0 #0
(300A) 2A0F  0010101000001111 (  16)                 LD    R5 SO9
(300B) 9B7F  1001101101111111 (  17)                 NOT   R5 R5
(300C) 1B61  0001101101100001 (  18)                 ADD   R5 R5 #1
(300D) 1160  0001000101100000 (  19)                 ADD   R0 R5 #0
(300E) 0204  0000001000000100 (  20)                 BRP   TIEP
(300F) 220B  0010001000001011 (  22)                 LD    R1 SOASCII
(3010) 1046  0001000001000110 (  23)                 ADD   R0 R1 R6
(3011) F021  1111000000100001 (  24)                 TRAP  x21
(3012) F025  1111000000100101 (  25)                 TRAP  x25
(3013) 11B6  0001000110110110 (  28) TIEP            ADD   R0 R6 #-10
(3014) 2206  0010001000000110 (  29)                 LD    R1 SOASCII
(3015) 1046  0001000001000110 (  30)                 ADD   R0 R1 R6
(3016) F021  1111000000100001 (  31)                 TRAP  x21
(3017) F025  1111000000100101 (  32)                 TRAP  x25
(3018) FFD0  1111111111010000 (  35) SO0             .FILL xFFD0
(3019) FFCF  1111111111001111 (  36) SO1             .FILL xFFCF
(301A) 0039  0000000000111001 (  37) SO9             .FILL x0039
(301B) 0030  0000000000110000 (  38) SOASCII         .FILL x0030
(301C) 0054  0000000001010100 (  39) SCREEN_OUT      .FILL x0054
(301D) 006F  0000000001101111 (  39)                 .FILL x006F
(301E) 006E  0000000001101110 (  39)                 .FILL x006E
(301F) 0067  0000000001100111 (  39)                 .FILL x0067
(3020) 0020  0000000000100000 (  39)                 .FILL x0020
(3021) 0063  0000000001100011 (  39)                 .FILL x0063
(3022) 0075  0000000001110101 (  39)                 .FILL x0075
(3023) 0061  0000000001100001 (  39)                 .FILL x0061
(3024) 0020  0000000000100000 (  39)                 .FILL x0020
(3025) 0068  0000000001101000 (  39)                 .FILL x0068
(3026) 0061  0000000001100001 (  39)                 .FILL x0061
(3027) 0069  0000000001101001 (  39)                 .FILL x0069
(3028) 0020  0000000000100000 (  39)                 .FILL x0020
(3029) 0073  0000000001110011 (  39)                 .FILL x0073
(302A) 006F  0000000001101111 (  39)                 .FILL x006F
(302B) 0020  0000000000100000 (  39)                 .FILL x0020
(302C) 006C  0000000001101100 (  39)                 .FILL x006C
(302D) 0061  0000000001100001 (  39)                 .FILL x0061
(302E) 003A  0000000000111010 (  39)                 .FILL x003A
(302F) 0020  0000000000100000 (  39)                 .FILL x0020
(3030) 0000  0000000000000000 (  39)                 .FILL x0000
