(0000) 3000  0011000000000000 (   2)                 .ORIG x3000
(3000) 5260  0101001001100000 (   4)                 AND   R1 R1 #0
(3001) 221C  0010001000011100 (   5)                 LD    R1 SO0
(3002) F023  1111000000100011 (   6)                 TRAP  x23
(3003) 1201  0001001000000001 (   7)                 ADD   R1 R0 R1
(3004) 54A0  0101010010100000 (  10)                 AND   R2 R2 #0
(3005) 2418  0010010000011000 (  11)                 LD    R2 SO0
(3006) F023  1111000000100011 (  12)                 TRAP  x23
(3007) 1402  0001010000000010 (  13)                 ADD   R2 R0 R2
(3008) E018  1110000000011000 (  15)                 LEA   R0 HIEU
(3009) F022  1111000000100010 (  16)                 TRAP  x22
(300A) 94BF  1001010010111111 (  18)                 NOT   R2 R2
(300B) 14A1  0001010010100001 (  19)                 ADD   R2 R2 #1
(300C) 1642  0001011001000010 (  20)                 ADD   R3 R1 R2
(300D) 0801  0000100000000001 (  22)                 BRN   MINUS
(300E) 060A  0000011000001010 (  23)                 BRZP  PLUS
(300F) 96FF  1001011011111111 (  25) MINUS           NOT   R3 R3
(3010) 16E1  0001011011100001 (  26)                 ADD   R3 R3 #1
(3011) 2020  0010000000100000 (  27)                 LD    R0 DAU_TRU
(3012) F021  1111000000100001 (  28)                 TRAP  x21
(3013) 10E0  0001000011100000 (  30)                 ADD   R0 R3 #0
(3014) 5260  0101001001100000 (  31)                 AND   R1 R1 #0
(3015) 220A  0010001000001010 (  32)                 LD    R1 SOASCII
(3016) 1040  0001000001000000 (  33)                 ADD   R0 R1 R0
(3017) F021  1111000000100001 (  34)                 TRAP  x21
(3018) F025  1111000000100101 (  35)                 TRAP  x25
(3019) 5260  0101001001100000 (  38) PLUS            AND   R1 R1 #0
(301A) 2205  0010001000000101 (  39)                 LD    R1 SOASCII
(301B) 1043  0001000001000011 (  40)                 ADD   R0 R1 R3
(301C) F021  1111000000100001 (  41)                 TRAP  x21
(301D) F025  1111000000100101 (  43)                 TRAP  x25
(301E) FFD0  1111111111010000 (  44) SO0             .FILL xFFD0
(301F) 0039  0000000000111001 (  45) SO9             .FILL x0039
(3020) 0030  0000000000110000 (  46) SOASCII         .FILL x0030
(3021) 0048  0000000001001000 (  47) HIEU            .FILL x0048
(3022) 0049  0000000001001001 (  47)                 .FILL x0049
(3023) 0045  0000000001000101 (  47)                 .FILL x0045
(3024) 0055  0000000001010101 (  47)                 .FILL x0055
(3025) 0020  0000000000100000 (  47)                 .FILL x0020
(3026) 0048  0000000001001000 (  47)                 .FILL x0048
(3027) 0041  0000000001000001 (  47)                 .FILL x0041
(3028) 0049  0000000001001001 (  47)                 .FILL x0049
(3029) 0020  0000000000100000 (  47)                 .FILL x0020
(302A) 0053  0000000001010011 (  47)                 .FILL x0053
(302B) 004F  0000000001001111 (  47)                 .FILL x004F
(302C) 0020  0000000000100000 (  47)                 .FILL x0020
(302D) 004C  0000000001001100 (  47)                 .FILL x004C
(302E) 0041  0000000001000001 (  47)                 .FILL x0041
(302F) 003A  0000000000111010 (  47)                 .FILL x003A
(3030) 0020  0000000000100000 (  47)                 .FILL x0020
(3031) 0000  0000000000000000 (  47)                 .FILL x0000
(3032) 002D  0000000000101101 (  48) DAU_TRU         .FILL x002D
