(0000) 3000  0011000000000000 (   3)                 .ORIG x3000
(3000) EA38  1110101000111000 (   4)                 LEA   R5 CH3
(3001) 263F  0010011000111111 (   5)                 LD    R3 HC1
(3002) E018  1110000000011000 (   6)                 LEA   R0 CH1
(3003) F022  1111000000100010 (   7)                 TRAP  x22
(3004) F020  1111000000100000 (   8)                 TRAP  x20
(3005) F021  1111000000100001 (   9)                 TRAP  x21
(3006) 7140  0111000101000000 (  10)                 STR   R0 R5 #0
(3007) 1203  0001001000000011 (  12)                 ADD   R1 R0 R3
(3008) 2036  0010000000110110 (  13)                 LD    R0 ENT
(3009) F021  1111000000100001 (  14)                 TRAP  x21
(300A) E01F  1110000000011111 (  16)                 LEA   R0 CH2
(300B) F022  1111000000100010 (  17)                 TRAP  x22
(300C) F020  1111000000100000 (  18)                 TRAP  x20
(300D) F021  1111000000100001 (  19)                 TRAP  x21
(300E) 7142  0111000101000010 (  20)                 STR   R0 R5 #2
(300F) 1403  0001010000000011 (  22)                 ADD   R2 R0 R3
(3010) 1842  0001100001000010 (  23)                 ADD   R4 R1 R2
(3011) B82E  1011100000101110 (  24)                 STI   R4 DC1
(3012) 96FF  1001011011111111 (  25)                 NOT   R3 R3
(3013) 16E1  0001011011100001 (  26)                 ADD   R3 R3 #1
(3014) 1903  0001100100000011 (  27)                 ADD   R4 R4 R3
(3015) 7944  0111100101000100 (  28)                 STR   R4 R5 #4
(3016) 2028  0010000000101000 (  30)                 LD    R0 ENT
(3017) F021  1111000000100001 (  31)                 TRAP  x21
(3018) E020  1110000000100000 (  32)                 LEA   R0 CH3
(3019) F022  1111000000100010 (  33)                 TRAP  x22
(301A) F025  1111000000100101 (  34)                 TRAP  x25
(301B) 004E  0000000001001110 (  36) CH1             .FILL x004E
(301C) 0048  0000000001001000 (  36)                 .FILL x0048
(301D) 0041  0000000001000001 (  36)                 .FILL x0041
(301E) 0050  0000000001010000 (  36)                 .FILL x0050
(301F) 0020  0000000000100000 (  36)                 .FILL x0020
(3020) 004B  0000000001001011 (  36)                 .FILL x004B
(3021) 0059  0000000001011001 (  36)                 .FILL x0059
(3022) 0020  0000000000100000 (  36)                 .FILL x0020
(3023) 0053  0000000001010011 (  36)                 .FILL x0053
(3024) 004F  0000000001001111 (  36)                 .FILL x004F
(3025) 0020  0000000000100000 (  36)                 .FILL x0020
(3026) 0031  0000000000110001 (  36)                 .FILL x0031
(3027) 003A  0000000000111010 (  36)                 .FILL x003A
(3028) 0020  0000000000100000 (  36)                 .FILL x0020
(3029) 0000  0000000000000000 (  36)                 .FILL x0000
(302A) 004E  0000000001001110 (  37) CH2             .FILL x004E
(302B) 0048  0000000001001000 (  37)                 .FILL x0048
(302C) 0041  0000000001000001 (  37)                 .FILL x0041
(302D) 0050  0000000001010000 (  37)                 .FILL x0050
(302E) 0020  0000000000100000 (  37)                 .FILL x0020
(302F) 004B  0000000001001011 (  37)                 .FILL x004B
(3030) 0059  0000000001011001 (  37)                 .FILL x0059
(3031) 0020  0000000000100000 (  37)                 .FILL x0020
(3032) 0053  0000000001010011 (  37)                 .FILL x0053
(3033) 004F  0000000001001111 (  37)                 .FILL x004F
(3034) 0020  0000000000100000 (  37)                 .FILL x0020
(3035) 0032  0000000000110010 (  37)                 .FILL x0032
(3036) 003A  0000000000111010 (  37)                 .FILL x003A
(3037) 0020  0000000000100000 (  37)                 .FILL x0020
(3038) 0000  0000000000000000 (  37)                 .FILL x0000
(3039) 0058  0000000001011000 (  38) CH3             .FILL x0058
(303A) 002B  0000000000101011 (  38)                 .FILL x002B
(303B) 0059  0000000001011001 (  38)                 .FILL x0059
(303C) 003D  0000000000111101 (  38)                 .FILL x003D
(303D) 005A  0000000001011010 (  38)                 .FILL x005A
(303E) 0000  0000000000000000 (  38)                 .FILL x0000
(303F) 000A  0000000000001010 (  39) ENT             .FILL x000A
(3040) 5000  0101000000000000 (  40) DC1             .FILL x5000
(3041) FFD0  1111111111010000 (  41) HC1             .FILL xFFD0
