(0000) 3000  0011000000000000 (   5)                 .ORIG x3000
(3000) 2633  0010011000110011 (   6)                 LD    R3 NEG_ENTER
(3001) 2835  0010100000110101 (   7)                 LD    R4 STORAGE
(3002) A22D  1010001000101101 (   9) POLL_KEYBOARD   LDI   R1 KBSR
(3003) 07FE  0000011111111110 (  10)                 BRZP  POLL_KEYBOARD
(3004) A02C  1010000000101100 (  11)                 LDI   R0 KBDR
(3005) A22C  1010001000101100 (  13) POLL_SCREEN     LDI   R1 DSR
(3006) 07FE  0000011111111110 (  14)                 BRZP  POLL_SCREEN
(3007) B02B  1011000000101011 (  17)                 STI   R0 DDR
(3008) 5B60  0101101101100000 (  19)                 AND   R5 R5 #0
(3009) 1B40  0001101101000000 (  20)                 ADD   R5 R5 R0
(300A) 1B43  0001101101000011 (  21)                 ADD   R5 R5 R3
(300B) 0404  0000010000000100 (  22)                 BRZ   REMOVE_REDUNDANT_BLANKS
(300C) B02A  1011000000101010 (  24)                 STI   R0 STORAGE
(300D) 1921  0001100100100001 (  25)                 ADD   R4 R4 #1
(300E) 3828  0011100000101000 (  26)                 ST    R4 STORAGE
(300F) 0FF2  0000111111110010 (  27)                 BRNZP POLL_KEYBOARD
(3010) 2827  0010100000100111 (  29) REMOVE_REDUNDANT_BLANKS LD    R4 STORAGE_2
(3011) 2623  0010011000100011 (  30)                 LD    R3 NEG_SPACE
(3012) 2423  0010010000100011 (  31)                 LD    R2 SPACE
(3013) 5B60  0101101101100000 (  33) LOOP            AND   R5 R5 #0
(3014) AC23  1010110000100011 (  34)                 LDI   R6 STORAGE_2
(3015) 0419  0000010000011001 (  35)                 BRZ   DONE
(3016) 11A0  0001000110100000 (  36)                 ADD   R0 R6 #0
(3017) 1D83  0001110110000011 (  37)                 ADD   R6 R6 R3
(3018) 0406  0000010000000110 (  38)                 BRZ   BLANK
(3019) A218  1010001000011000 (  40) POLL_SCREEN_2   LDI   R1 DSR
(301A) 07FE  0000011111111110 (  41)                 BRZP  POLL_SCREEN_2
(301B) B017  1011000000010111 (  42)                 STI   R0 DDR
(301C) 1921  0001100100100001 (  43)                 ADD   R4 R4 #1
(301D) 381A  0011100000011010 (  44)                 ST    R4 STORAGE_2
(301E) 0FF4  0000111111110100 (  45)                 BRNZP LOOP
(301F) 1B61  0001101101100001 (  47) BLANK           ADD   R5 R5 #1
(3020) 1921  0001100100100001 (  48)                 ADD   R4 R4 #1
(3021) 3816  0011100000010110 (  49)                 ST    R4 STORAGE_2
(3022) AC15  1010110000010101 (  50)                 LDI   R6 STORAGE_2
(3023) 11A0  0001000110100000 (  51)                 ADD   R0 R6 #0
(3024) 1D83  0001110110000011 (  52)                 ADD   R6 R6 R3
(3025) 05F9  0000010111111001 (  53)                 BRZ   BLANK
(3026) 1B7F  0001101101111111 (  54)                 ADD   R5 R5 #-1
(3027) 0401  0000010000000001 (  55)                 BRZ   ONE_BLANK
(3028) 0FEA  0000111111101010 (  56)                 BRNZP LOOP
(3029) A208  1010001000001000 (  58) ONE_BLANK       LDI   R1 DSR
(302A) 07FE  0000011111111110 (  59)                 BRZP  ONE_BLANK
(302B) 5020  0101000000100000 (  60)                 AND   R0 R0 #0
(302C) 10A0  0001000010100000 (  61)                 ADD   R0 R2 #0
(302D) B005  1011000000000101 (  62)                 STI   R0 DDR
(302E) 0FE4  0000111111100100 (  63)                 BRNZP LOOP
(302F) F025  1111000000100101 (  66) DONE            TRAP  x25
(3030) FE00  1111111000000000 (  68) KBSR            .FILL xFE00
(3031) FE02  1111111000000010 (  69) KBDR            .FILL xFE02
(3032) FE04  1111111000000100 (  70) DSR             .FILL xFE04
(3033) FE06  1111111000000110 (  71) DDR             .FILL xFE06
(3034) FFF6  1111111111110110 (  72) NEG_ENTER       .FILL xFFF6
(3035) FFE0  1111111111100000 (  73) NEG_SPACE       .FILL xFFE0
(3036) 0020  0000000000100000 (  74) SPACE           .FILL x0020
(3037) 3100  0011000100000000 (  75) STORAGE         .FILL x3100
(3038) 3100  0011000100000000 (  76) STORAGE_2       .FILL x3100
