(0000) 3000  0011000000000000 (   4)                 .ORIG x3000
(3000) 5260  0101001001100000 (   5)                 AND   R1 R1 #0
(3001) 54A0  0101010010100000 (   6)                 AND   R2 R2 #0
(3002) F023  1111000000100011 (   7) INPUT           TRAP  x23
(3003) 2248  0010001001001000 (   8)                 LD    R1 SO0
(3004) 1201  0001001000000001 (   9)                 ADD   R1 R0 R1
(3005) 0828  0000100000101000 (  10)                 BRN   CUC
(3006) F023  1111000000100011 (  12)                 TRAP  x23
(3007) 2444  0010010001000100 (  13)                 LD    R2 SO0
(3008) 1402  0001010000000010 (  14)                 ADD   R2 R0 R2
(3009) 0824  0000100000100100 (  15)                 BRN   CUC
(300A) 94BF  1001010010111111 (  17)                 NOT   R2 R2
(300B) 14A1  0001010010100001 (  18)                 ADD   R2 R2 #1
(300C) 1842  0001100001000010 (  19)                 ADD   R4 R1 R2
(300D) 2A3D  0010101000111101 (  20)                 LD    R5 SO2
(300E) 1905  0001100100000101 (  21)                 ADD   R4 R4 R5
(300F) E02F  1110000000101111 (  23)                 LEA   R0 KETQUA
(3010) F022  1111000000100010 (  24)                 TRAP  x22
(3011) 1120  0001000100100000 (  25)                 ADD   R0 R4 #0
(3012) 5260  0101001001100000 (  27)                 AND   R1 R1 #0
(3013) 54A0  0101010010100000 (  28)                 AND   R2 R2 #0
(3014) 263A  0010011000111010 (  30)                 LD    R3 SO100
(3015) 1261  0001001001100001 (  32) HANG_TRAM       ADD   R1 R1 #1
(3016) 1003  0001000000000011 (  33)                 ADD   R0 R0 R3
(3017) 07FD  0000011111111101 (  34)                 BRZP  HANG_TRAM
(3018) 127F  0001001001111111 (  36)                 ADD   R1 R1 #-1
(3019) 96FF  1001011011111111 (  37)                 NOT   R3 R3
(301A) 16E1  0001011011100001 (  38)                 ADD   R3 R3 #1
(301B) 1003  0001000000000011 (  39)                 ADD   R0 R0 R3
(301C) 3233  0011001000110011 (  40)                 ST    R1 MEM
(301D) 5260  0101001001100000 (  42)                 AND   R1 R1 #0
(301E) 1261  0001001001100001 (  44) HANG_CHUC       ADD   R1 R1 #1
(301F) 1036  0001000000110110 (  46)                 ADD   R0 R0 #-10
(3020) 07FD  0000011111111101 (  47)                 BRZP  HANG_CHUC
(3021) 127F  0001001001111111 (  49)                 ADD   R1 R1 #-1
(3022) 102A  0001000000101010 (  50)                 ADD   R0 R0 #10
(3023) 1420  0001010000100000 (  52)                 ADD   R2 R0 #0
(3024) 2628  0010011000101000 (  53)                 LD    R3 SOASCII
(3025) 202A  0010000000101010 (  54)                 LD    R0 MEM
(3026) 1003  0001000000000011 (  55)                 ADD   R0 R0 R3
(3027) F021  1111000000100001 (  56)                 TRAP  x21
(3028) 1060  0001000001100000 (  57)                 ADD   R0 R1 #0
(3029) 10C0  0001000011000000 (  59)                 ADD   R0 R3 R0
(302A) F021  1111000000100001 (  60)                 TRAP  x21
(302B) 1083  0001000010000011 (  62)                 ADD   R0 R2 R3
(302C) F021  1111000000100001 (  63)                 TRAP  x21
(302D) F025  1111000000100101 (  66)                 TRAP  x25
(302E) E002  1110000000000010 (  70) CUC             LEA   R0 CUCDI
(302F) F022  1111000000100010 (  71)                 TRAP  x22
(3030) 0FD1  0000111111010001 (  72)                 BRNZP INPUT
(3031) 004D  0000000001001101 (  73) CUCDI           .FILL x004D
(3032) 004F  0000000001001111 (  73)                 .FILL x004F
(3033) 0049  0000000001001001 (  73)                 .FILL x0049
(3034) 0020  0000000000100000 (  73)                 .FILL x0020
(3035) 004E  0000000001001110 (  73)                 .FILL x004E
(3036) 0048  0000000001001000 (  73)                 .FILL x0048
(3037) 0041  0000000001000001 (  73)                 .FILL x0041
(3038) 0050  0000000001010000 (  73)                 .FILL x0050
(3039) 0020  0000000000100000 (  73)                 .FILL x0020
(303A) 004C  0000000001001100 (  73)                 .FILL x004C
(303B) 0041  0000000001000001 (  73)                 .FILL x0041
(303C) 0049  0000000001001001 (  73)                 .FILL x0049
(303D) 0020  0000000000100000 (  73)                 .FILL x0020
(303E) 0000  0000000000000000 (  73)                 .FILL x0000
(303F) 004B  0000000001001011 (  74) KETQUA          .FILL x004B
(3040) 0045  0000000001000101 (  74)                 .FILL x0045
(3041) 0054  0000000001010100 (  74)                 .FILL x0054
(3042) 0051  0000000001010001 (  74)                 .FILL x0051
(3043) 0055  0000000001010101 (  74)                 .FILL x0055
(3044) 0041  0000000001000001 (  74)                 .FILL x0041
(3045) 0020  0000000000100000 (  74)                 .FILL x0020
(3046) 004C  0000000001001100 (  74)                 .FILL x004C
(3047) 0041  0000000001000001 (  74)                 .FILL x0041
(3048) 003A  0000000000111010 (  74)                 .FILL x003A
(3049) 0020  0000000000100000 (  74)                 .FILL x0020
(304A) 0000  0000000000000000 (  74)                 .FILL x0000
(304B) 012D  0000000100101101 (  75) SO2             .FILL x012D
(304C) FFD0  1111111111010000 (  76) SO0             .FILL xFFD0
(304D) 0030  0000000000110000 (  77) SOASCII         .FILL x0030
(304E) FFC7  1111111111000111 (  78) SO9             .FILL xFFC7
(304F) FF9C  1111111110011100 (  79) SO100           .FILL xFF9C
(3050) 5000  0101000000000000 (  80) MEM             .FILL x5000
