(0000) 3000  0011000000000000 (   4)                 .ORIG x3000
(3000) E00C  1110000000001100 (   5)                 LEA   R0 CH1
(3001) F022  1111000000100010 (   6)                 TRAP  x22
(3002) F020  1111000000100000 (   7)                 TRAP  x20
(3003) F021  1111000000100001 (   8)                 TRAP  x21
(3004) 2027  0010000000100111 (  10)                 LD    R0 ENT
(3005) F021  1111000000100001 (  11)                 TRAP  x21
(3006) B026  1011000000100110 (  12)                 STI   R0 DC1
(3007) E014  1110000000010100 (  14)                 LEA   R0 CH2
(3008) F022  1111000000100010 (  15)                 TRAP  x22
(3009) F020  1111000000100000 (  16)                 TRAP  x20
(300A) F021  1111000000100001 (  17)                 TRAP  x21
(300B) B022  1011000000100010 (  18)                 STI   R0 DC2
(300C) F025  1111000000100101 (  20)                 TRAP  x25
(300D) 004E  0000000001001110 (  21) CH1             .FILL x004E
(300E) 0048  0000000001001000 (  21)                 .FILL x0048
(300F) 0041  0000000001000001 (  21)                 .FILL x0041
(3010) 0050  0000000001010000 (  21)                 .FILL x0050
(3011) 0020  0000000000100000 (  21)                 .FILL x0020
(3012) 004B  0000000001001011 (  21)                 .FILL x004B
(3013) 0059  0000000001011001 (  21)                 .FILL x0059
(3014) 0020  0000000000100000 (  21)                 .FILL x0020
(3015) 0054  0000000001010100 (  21)                 .FILL x0054
(3016) 0055  0000000001010101 (  21)                 .FILL x0055
(3017) 0020  0000000000100000 (  21)                 .FILL x0020
(3018) 0031  0000000000110001 (  21)                 .FILL x0031
(3019) 003A  0000000000111010 (  21)                 .FILL x003A
(301A) 0020  0000000000100000 (  21)                 .FILL x0020
(301B) 0000  0000000000000000 (  21)                 .FILL x0000
(301C) 004E  0000000001001110 (  22) CH2             .FILL x004E
(301D) 0048  0000000001001000 (  22)                 .FILL x0048
(301E) 0041  0000000001000001 (  22)                 .FILL x0041
(301F) 0050  0000000001010000 (  22)                 .FILL x0050
(3020) 0020  0000000000100000 (  22)                 .FILL x0020
(3021) 004B  0000000001001011 (  22)                 .FILL x004B
(3022) 0059  0000000001011001 (  22)                 .FILL x0059
(3023) 0020  0000000000100000 (  22)                 .FILL x0020
(3024) 0054  0000000001010100 (  22)                 .FILL x0054
(3025) 0055  0000000001010101 (  22)                 .FILL x0055
(3026) 0020  0000000000100000 (  22)                 .FILL x0020
(3027) 0032  0000000000110010 (  22)                 .FILL x0032
(3028) 003A  0000000000111010 (  22)                 .FILL x003A
(3029) 0020  0000000000100000 (  22)                 .FILL x0020
(302A) 0020  0000000000100000 (  22)                 .FILL x0020
(302B) 0000  0000000000000000 (  22)                 .FILL x0000
(302C) 000A  0000000000001010 (  23) ENT             .FILL x000A
(302D) 5000  0101000000000000 (  24) DC1             .FILL x5000
(302E) 6000  0110000000000000 (  25) DC2             .FILL x6000
