(0000) 3000  0011000000000000 (   4)                 .ORIG x3000
(3000) E40A  1110010000001010 (   5)                 LEA   R2 LUU
(3001) 6080  0110000010000000 (   6) KYTU_TIEP       LDR   R0 R2 #0
(3002) 0201  0000001000000001 (   7)                 BRP   NEXT
(3003) F025  1111000000100101 (   9)                 TRAP  x25
(3004) A204  1010001000000100 (  10) NEXT            LDI   R1 DSR
(3005) 07FE  0000011111111110 (  11)                 BRZP  NEXT
(3006) B003  1011000000000011 (  12)                 STI   R0 DDR
(3007) 14A1  0001010010100001 (  13)                 ADD   R2 R2 #1
(3008) 0FF8  0000111111111000 (  14)                 BRNZP KYTU_TIEP
(3009) FE04  1111111000000100 (  16) DSR             .FILL xFE04
(300A) FE06  1111111000000110 (  17) DDR             .FILL xFE06
(300B) 0048  0000000001001000 (  18) LUU             .FILL x0048
(300C) 0045  0000000001000101 (  18)                 .FILL x0045
(300D) 004C  0000000001001100 (  18)                 .FILL x004C
(300E) 004C  0000000001001100 (  18)                 .FILL x004C
(300F) 004F  0000000001001111 (  18)                 .FILL x004F
(3010) 0020  0000000000100000 (  18)                 .FILL x0020
(3011) 0057  0000000001010111 (  18)                 .FILL x0057
(3012) 004F  0000000001001111 (  18)                 .FILL x004F
(3013) 0052  0000000001010010 (  18)                 .FILL x0052
(3014) 004C  0000000001001100 (  18)                 .FILL x004C
(3015) 0044  0000000001000100 (  18)                 .FILL x0044
(3016) 0000  0000000000000000 (  18)                 .FILL x0000
