(0000) 3000  0011000000000000 (   5)                 .ORIG x3000
(3000) F023  1111000000100011 (   6)                 TRAP  x23
(3001) 2410  0010010000010000 (   7)                 LD    R2 SO0
(3002) 1202  0001001000000010 (   8)                 ADD   R1 R0 R2
(3003) 080B  0000100000001011 (   9)                 BRN   NHAP_SAI
(3004) 240E  0010010000001110 (  11)                 LD    R2 SO9
(3005) 1602  0001011000000010 (  12)                 ADD   R3 R0 R2
(3006) 0208  0000001000001000 (  13)                 BRP   NHAP_SAI
(3007) 5261  0101001001100001 (  14)                 AND   R1 R1 #1
(3008) 0403  0000010000000011 (  15)                 BRZ   SO_CHAN
(3009) E00A  1110000000001010 (  17)                 LEA   R0 CHUOI_LE
(300A) F022  1111000000100010 (  18)                 TRAP  x22
(300B) F025  1111000000100101 (  19)                 TRAP  x25
(300C) E013  1110000000010011 (  21) SO_CHAN         LEA   R0 CHUOI_CHAN
(300D) F022  1111000000100010 (  22)                 TRAP  x22
(300E) F025  1111000000100101 (  23)                 TRAP  x25
(300F) E01E  1110000000011110 (  24) NHAP_SAI        LEA   R0 CHUOI_SAI
(3010) F022  1111000000100010 (  25)                 TRAP  x22
(3011) F025  1111000000100101 (  26)                 TRAP  x25
(3012) FFD0  1111111111010000 (  28) SO0             .FILL xFFD0
(3013) FFC7  1111111111000111 (  29) SO9             .FILL xFFC7
(3014) 004B  0000000001001011 (  31) CHUOI_LE        .FILL x004B
(3015) 0059  0000000001011001 (  31)                 .FILL x0059
(3016) 0020  0000000000100000 (  31)                 .FILL x0020
(3017) 0053  0000000001010011 (  31)                 .FILL x0053
(3018) 004F  0000000001001111 (  31)                 .FILL x004F
(3019) 0020  0000000000100000 (  31)                 .FILL x0020
(301A) 004C  0000000001001100 (  31)                 .FILL x004C
(301B) 0041  0000000001000001 (  31)                 .FILL x0041
(301C) 0020  0000000000100000 (  31)                 .FILL x0020
(301D) 004C  0000000001001100 (  31)                 .FILL x004C
(301E) 0045  0000000001000101 (  31)                 .FILL x0045
(301F) 0000  0000000000000000 (  31)                 .FILL x0000
(3020) 004B  0000000001001011 (  32) CHUOI_CHAN      .FILL x004B
(3021) 0059  0000000001011001 (  32)                 .FILL x0059
(3022) 0020  0000000000100000 (  32)                 .FILL x0020
(3023) 0053  0000000001010011 (  32)                 .FILL x0053
(3024) 004F  0000000001001111 (  32)                 .FILL x004F
(3025) 0020  0000000000100000 (  32)                 .FILL x0020
(3026) 004C  0000000001001100 (  32)                 .FILL x004C
(3027) 0041  0000000001000001 (  32)                 .FILL x0041
(3028) 0020  0000000000100000 (  32)                 .FILL x0020
(3029) 0043  0000000001000011 (  32)                 .FILL x0043
(302A) 0048  0000000001001000 (  32)                 .FILL x0048
(302B) 0041  0000000001000001 (  32)                 .FILL x0041
(302C) 004E  0000000001001110 (  32)                 .FILL x004E
(302D) 0000  0000000000000000 (  32)                 .FILL x0000
(302E) 004B  0000000001001011 (  33) CHUOI_SAI       .FILL x004B
(302F) 0048  0000000001001000 (  33)                 .FILL x0048
(3030) 004F  0000000001001111 (  33)                 .FILL x004F
(3031) 004E  0000000001001110 (  33)                 .FILL x004E
(3032) 0047  0000000001000111 (  33)                 .FILL x0047
(3033) 0020  0000000000100000 (  33)                 .FILL x0020
(3034) 0050  0000000001010000 (  33)                 .FILL x0050
(3035) 0048  0000000001001000 (  33)                 .FILL x0048
(3036) 0041  0000000001000001 (  33)                 .FILL x0041
(3037) 0049  0000000001001001 (  33)                 .FILL x0049
(3038) 0020  0000000000100000 (  33)                 .FILL x0020
(3039) 004B  0000000001001011 (  33)                 .FILL x004B
(303A) 0059  0000000001011001 (  33)                 .FILL x0059
(303B) 0020  0000000000100000 (  33)                 .FILL x0020
(303C) 0053  0000000001010011 (  33)                 .FILL x0053
(303D) 004F  0000000001001111 (  33)                 .FILL x004F
(303E) 0000  0000000000000000 (  33)                 .FILL x0000
