(0000) 3000  0011000000000000 (   3)                 .ORIG x3000
(3000) E006  1110000000000110 (   4)                 LEA   R0 CH1
(3001) F022  1111000000100010 (   5)                 TRAP  x22
(3002) 2032  0010000000110010 (   7)                 LD    R0 ENT
(3003) F021  1111000000100001 (   8)                 TRAP  x21
(3004) E01B  1110000000011011 (  10)                 LEA   R0 CH2
(3005) F022  1111000000100010 (  11)                 TRAP  x22
(3006) F025  1111000000100101 (  14)                 TRAP  x25
(3007) 0048  0000000001001000 (  15) CH1             .FILL x0048
(3008) 0045  0000000001000101 (  15)                 .FILL x0045
(3009) 004C  0000000001001100 (  15)                 .FILL x004C
(300A) 004C  0000000001001100 (  15)                 .FILL x004C
(300B) 004F  0000000001001111 (  15)                 .FILL x004F
(300C) 002C  0000000000101100 (  15)                 .FILL x002C
(300D) 0020  0000000000100000 (  15)                 .FILL x0020
(300E) 004E  0000000001001110 (  15)                 .FILL x004E
(300F) 0049  0000000001001001 (  15)                 .FILL x0049
(3010) 0043  0000000001000011 (  15)                 .FILL x0043
(3011) 0045  0000000001000101 (  15)                 .FILL x0045
(3012) 0020  0000000000100000 (  15)                 .FILL x0020
(3013) 0054  0000000001010100 (  15)                 .FILL x0054
(3014) 004F  0000000001001111 (  15)                 .FILL x004F
(3015) 0020  0000000000100000 (  15)                 .FILL x0020
(3016) 004D  0000000001001101 (  15)                 .FILL x004D
(3017) 0045  0000000001000101 (  15)                 .FILL x0045
(3018) 0045  0000000001000101 (  15)                 .FILL x0045
(3019) 0054  0000000001010100 (  15)                 .FILL x0054
(301A) 0020  0000000000100000 (  15)                 .FILL x0020
(301B) 0059  0000000001011001 (  15)                 .FILL x0059
(301C) 004F  0000000001001111 (  15)                 .FILL x004F
(301D) 0055  0000000001010101 (  15)                 .FILL x0055
(301E) 0020  0000000000100000 (  15)                 .FILL x0020
(301F) 0000  0000000000000000 (  15)                 .FILL x0000
(3020) 0042  0000000001000010 (  16) CH2             .FILL x0042
(3021) 0041  0000000001000001 (  16)                 .FILL x0041
(3022) 004E  0000000001001110 (  16)                 .FILL x004E
(3023) 0020  0000000000100000 (  16)                 .FILL x0020
(3024) 0043  0000000001000011 (  16)                 .FILL x0043
(3025) 004F  0000000001001111 (  16)                 .FILL x004F
(3026) 0020  0000000000100000 (  16)                 .FILL x0020
(3027) 004B  0000000001001011 (  16)                 .FILL x004B
(3028) 0048  0000000001001000 (  16)                 .FILL x0048
(3029) 004F  0000000001001111 (  16)                 .FILL x004F
(302A) 0045  0000000001000101 (  16)                 .FILL x0045
(302B) 0020  0000000000100000 (  16)                 .FILL x0020
(302C) 004B  0000000001001011 (  16)                 .FILL x004B
(302D) 0048  0000000001001000 (  16)                 .FILL x0048
(302E) 004F  0000000001001111 (  16)                 .FILL x004F
(302F) 004E  0000000001001110 (  16)                 .FILL x004E
(3030) 0047  0000000001000111 (  16)                 .FILL x0047
(3031) 0020  0000000000100000 (  16)                 .FILL x0020
(3032) 003F  0000000000111111 (  16)                 .FILL x003F
(3033) 0020  0000000000100000 (  16)                 .FILL x0020
(3034) 0000  0000000000000000 (  16)                 .FILL x0000
(3035) 000A  0000000000001010 (  17) ENT             .FILL x000A
