(0000) 3000  0011000000000000 (   3)                 .ORIG x3000
(3000) 2216  0010001000010110 (   4)                 LD    R1 SO_LAN_LAP
(3001) 2416  0010010000010110 (   5)                 LD    R2 INIT_MIN
(3002) 2616  0010011000010110 (   6)                 LD    R3 INIT_MAX
(3003) F023  1111000000100011 (   8) LAP             TRAP  x23
(3004) 983F  1001100000111111 (  10)                 NOT   R4 R0
(3005) 1921  0001100100100001 (  13)                 ADD   R4 R4 #1
(3006) 1A84  0001101010000100 (  14)                 ADD   R5 R2 R4
(3007) 0C01  0000110000000001 (  18)                 BRNZ  TIEP_TUC_1
(3008) 1420  0001010000100000 (  19)                 ADD   R2 R0 #0
(3009) 1AC4  0001101011000100 (  20) TIEP_TUC_1      ADD   R5 R3 R4
(300A) 0601  0000011000000001 (  21)                 BRZP  TIEP_TUC_2
(300B) 1620  0001011000100000 (  22)                 ADD   R3 R0 #0
(300C) 127F  0001001001111111 (  23) TIEP_TUC_2      ADD   R1 R1 #-1
(300D) 03F5  0000001111110101 (  25)                 BRP   LAP
(300E) E00B  1110000000001011 (  26)                 LEA   R0 STR_MIN
(300F) F022  1111000000100010 (  27)                 TRAP  x22
(3010) 10A0  0001000010100000 (  29)                 ADD   R0 R2 #0
(3011) F021  1111000000100001 (  30)                 TRAP  x21
(3012) E018  1110000000011000 (  31)                 LEA   R0 STR_MAX
(3013) F022  1111000000100010 (  32)                 TRAP  x22
(3014) 10E0  0001000011100000 (  33)                 ADD   R0 R3 #0
(3015) F021  1111000000100001 (  34)                 TRAP  x21
(3016) F025  1111000000100101 (  35)                 TRAP  x25
(3017) 0003  0000000000000011 (  37) SO_LAN_LAP      .FILL x0003
(3018) 0039  0000000000111001 (  39) INIT_MIN        .FILL x0039
(3019) 0030  0000000000110000 (  40) INIT_MAX        .FILL x0030
(301A) 0020  0000000000100000 (  41) STR_MIN         .FILL x0020
(301B) 0053  0000000001010011 (  41)                 .FILL x0053
(301C) 006F  0000000001101111 (  41)                 .FILL x006F
(301D) 0020  0000000000100000 (  41)                 .FILL x0020
(301E) 0062  0000000001100010 (  41)                 .FILL x0062
(301F) 0065  0000000001100101 (  41)                 .FILL x0065
(3020) 0020  0000000000100000 (  41)                 .FILL x0020
(3021) 006E  0000000001101110 (  41)                 .FILL x006E
(3022) 0068  0000000001101000 (  41)                 .FILL x0068
(3023) 0061  0000000001100001 (  41)                 .FILL x0061
(3024) 0074  0000000001110100 (  41)                 .FILL x0074
(3025) 0020  0000000000100000 (  41)                 .FILL x0020
(3026) 006C  0000000001101100 (  41)                 .FILL x006C
(3027) 0061  0000000001100001 (  41)                 .FILL x0061
(3028) 003A  0000000000111010 (  41)                 .FILL x003A
(3029) 0020  0000000000100000 (  41)                 .FILL x0020
(302A) 0000  0000000000000000 (  41)                 .FILL x0000
(302B) 0053  0000000001010011 (  42) STR_MAX         .FILL x0053
(302C) 006F  0000000001101111 (  42)                 .FILL x006F
(302D) 0020  0000000000100000 (  42)                 .FILL x0020
(302E) 006C  0000000001101100 (  42)                 .FILL x006C
(302F) 006F  0000000001101111 (  42)                 .FILL x006F
(3030) 006E  0000000001101110 (  42)                 .FILL x006E
(3031) 0020  0000000000100000 (  42)                 .FILL x0020
(3032) 006E  0000000001101110 (  42)                 .FILL x006E
(3033) 0068  0000000001101000 (  42)                 .FILL x0068
(3034) 0061  0000000001100001 (  42)                 .FILL x0061
(3035) 0074  0000000001110100 (  42)                 .FILL x0074
(3036) 0020  0000000000100000 (  42)                 .FILL x0020
(3037) 006C  0000000001101100 (  42)                 .FILL x006C
(3038) 0061  0000000001100001 (  42)                 .FILL x0061
(3039) 003A  0000000000111010 (  42)                 .FILL x003A
(303A) 0020  0000000000100000 (  42)                 .FILL x0020
(303B) 0000  0000000000000000 (  42)                 .FILL x0000
