(0000) 3000  0011000000000000 (   1)                 .ORIG x3000
(3000) F023  1111000000100011 (   2)                 TRAP  x23
(3001) 2217  0010001000010111 (   3)                 LD    R1 ASCII_0M
(3002) 1401  0001010000000001 (   5)                 ADD   R2 R0 R1
(3003) F023  1111000000100011 (   7)                 TRAP  x23
(3004) 1601  0001011000000001 (   8)                 ADD   R3 R0 R1
(3005) 5920  0101100100100000 (   9)                 AND   R4 R4 #0
(3006) 14BF  0001010010111111 (  11) LAP             ADD   R2 R2 #-1
(3007) 0802  0000100000000010 (  12)                 BRN   TACH_SO
(3008) 1903  0001100100000011 (  13)                 ADD   R4 R4 R3
(3009) 0FFC  0000111111111100 (  14)                 BRNZP LAP
(300A) 54A0  0101010010100000 (  16) TACH_SO         AND   R2 R2 #0
(300B) 1936  0001100100110110 (  18) LAP2            ADD   R4 R4 #-10
(300C) 0802  0000100000000010 (  19)                 BRN   TIEP
(300D) 14A1  0001010010100001 (  20)                 ADD   R2 R2 #1
(300E) 0FFC  0000111111111100 (  22)                 BRNZP LAP2
(300F) 172A  0001011100101010 (  23) TIEP            ADD   R3 R4 #10
(3010) 2207  0010001000000111 (  25)                 LD    R1 ASCII_0
(3011) 14A0  0001010010100000 (  26)                 ADD   R2 R2 #0
(3012) 0402  0000010000000010 (  28)                 BRZ   XUATDONVI
(3013) 1081  0001000010000001 (  29)                 ADD   R0 R2 R1
(3014) F021  1111000000100001 (  30)                 TRAP  x21
(3015) 10C1  0001000011000001 (  32) XUATDONVI       ADD   R0 R3 R1
(3016) F021  1111000000100001 (  33)                 TRAP  x21
(3017) F025  1111000000100101 (  34)                 TRAP  x25
(3018) 0030  0000000000110000 (  35) ASCII_0         .FILL x0030
(3019) FFD0  1111111111010000 (  36) ASCII_0M        .FILL xFFD0
