(0000) 3000  0011000000000000 (   1)                 .ORIG x3000
(3000) F023  1111000000100011 (   2)                 TRAP  x23
(3001) 2216  0010001000010110 (   3)                 LD    R1 ASCII_0
(3002) 927F  1001001001111111 (   5)                 NOT   R1 R1
(3003) 1461  0001010001100001 (   6)                 ADD   R2 R1 #1
(3004) 1401  0001010000000001 (   7)                 ADD   R2 R0 R1
(3005) F023  1111000000100011 (   9)                 TRAP  x23
(3006) 1402  0001010000000010 (  10)                 ADD   R2 R0 R2
(3007) 1481  0001010010000001 (  11)                 ADD   R2 R2 R1
(3008) 16B6  0001011010110110 (  12)                 ADD   R3 R2 #-10
(3009) 0807  0000100000000111 (  14)                 BRN   x3011
(300A) 200A  0010000000001010 (  16)                 LD    R0 x3015
(300B) 1021  0001000000100001 (  17)                 ADD   R0 R0 #1
(300C) F021  1111000000100001 (  18)                 TRAP  x21
(300D) 2007  0010000000000111 (  19)                 LD    R0 x3015
(300E) 1003  0001000000000011 (  20)                 ADD   R0 R0 R3
(300F) F021  1111000000100001 (  21)                 TRAP  x21
(3010) 0E03  0000111000000011 (  23)                 BRNZP x3014
(3011) 2003  0010000000000011 (  24)                 LD    R0 x3015
(3012) 1003  0001000000000011 (  25)                 ADD   R0 R0 R3
(3013) F021  1111000000100001 (  26)                 TRAP  x21
(3014) 2003  0010000000000011 (  29) BRx3            LD    R0 x3018
(3015) 1002  0001000000000010 (  30)                 ADD   R0 R0 R2
(3016) F021  1111000000100001 (  31)                 TRAP  x21
(3017) F025  1111000000100101 (  32)                 TRAP  x25
(3018) FFB8  1111111110111000 (  33) ASCII_0         .FILL xFFB8
